<?xml version="1.0" encoding="UTF-8"?>
<testsuite name="AllergenTest" tests="2" skipped="0" failures="0" errors="0" timestamp="2016-04-21T17:50:14" hostname="pauls-MacBook-Air.local" time="0.004">
  <properties/>
  <testcase name="Allergen_shouldReturnProperValuesForMoreComplexInput_StringArrayList" classname="AllergenTest" time="0.003"/>
  <testcase name="Allergen_shouldReturnItemizationOFAllergiesBasedOnScore_StringArrayList" classname="AllergenTest" time="0.0"/>
  <system-out><![CDATA[]]></system-out>
  <system-err><![CDATA[]]></system-err>
</testsuite>
